undefined [2025-02-06 13:03:52] INFO: Server started on port 5000
undefined [2025-02-06 13:05:31] INFO: Server started on port 5000
undefined [2025-02-06 13:05:34] INFO: Client connected
undefined [2025-02-06 13:05:34] DEBUG: Received Message: Hello
undefined [2025-02-06 13:05:34] DEBUG: Received Event: null
undefined [2025-02-06 13:05:35] INFO: Intent Detect Time : undefined
undefined [2025-02-06 13:05:35] INFO: Intent Detect Time : undefined
undefined [2025-02-06 13:05:35] DEBUG: String Message Before Sending to the client - [{"responseType":"HANDLER_PROMPT","channel":"","payload":{"fields":{"data":{"listValue":{"values":[{"structValue":{"fields":{"value":{"stringValue":"<p1> Welcome to <b> DeukSpine Institute </b> !! </p1>","kind":"stringValue"},"type":{"stringValue":"text","kind":"stringValue"}}},"kind":"structValue"},{"structValue":{"fields":{"value":{"stringValue":"<p> I’m Deuk Spine Virtual Assistant your Virtual Guide for DeukSpine Institute Services.</p>","kind":"stringValue"},"type":{"stringValue":"text","kind":"stringValue"}}},"kind":"structValue"},{"structValue":{"fields":{"type":{"stringValue":"text","kind":"stringValue"},"value":{"stringValue":"<p> How can I assist you today?</p>","kind":"stringValue"}}},"kind":"structValue"}]},"kind":"listValue"}}},"message":"payload"}]
undefined [2025-02-06 13:05:47] DEBUG: Received Message: 
undefined [2025-02-06 13:05:47] DEBUG: Received Event: null
undefined [2025-02-06 13:05:47] INFO: Intent Detect Time : undefined
undefined [2025-02-06 13:05:47] INFO: Intent Detect Time : undefined
undefined [2025-02-06 13:05:47] DEBUG: String Message Before Sending to the client - [{"responseType":"HANDLER_PROMPT","channel":"","payload":{"fields":{"data":{"listValue":{"values":[{"structValue":{"fields":{"value":{"stringValue":"<p> Hello.. Are you there ?? </p>","kind":"stringValue"},"type":{"stringValue":"event_response","kind":"stringValue"}}},"kind":"structValue"},{"structValue":{"fields":{"value":{"stringValue":"<p> Please type up <b> Hi </b> to initiate a conversation. </p>","kind":"stringValue"},"type":{"stringValue":"event_response","kind":"stringValue"}}},"kind":"structValue"},{"structValue":{"fields":{"value":{"stringValue":"<p> This is a Start Page or a Flow Level Event Handler for no-input-default. This event is called for the empty messages for the 2nd time no-input and applies to all the pages in the flow</p>","kind":"stringValue"},"type":{"stringValue":"event_description","kind":"stringValue"}}},"kind":"structValue"}]},"kind":"listValue"}}},"message":"payload"}]
undefined [2025-02-06 13:05:59] DEBUG: Received Message: 
undefined [2025-02-06 13:05:59] DEBUG: Received Event: null
undefined [2025-02-06 13:05:59] INFO: Intent Detect Time : undefined
undefined [2025-02-06 13:05:59] INFO: Intent Detect Time : undefined
undefined [2025-02-06 13:05:59] DEBUG: String Message Before Sending to the client - [{"responseType":"HANDLER_PROMPT","channel":"","payload":{"fields":{"data":{"listValue":{"values":[{"structValue":{"fields":{"value":{"stringValue":"<p> Looks like you have left the chat..</p>","kind":"stringValue"},"type":{"stringValue":"event_response","kind":"stringValue"}}},"kind":"structValue"},{"structValue":{"fields":{"value":{"stringValue":"<p> Ending Chat Session.. Happy to help you anytime you have any queries.</p>","kind":"stringValue"},"type":{"stringValue":"event_response","kind":"stringValue"}}},"kind":"structValue"},{"structValue":{"fields":{"value":{"stringValue":"<p> This is a Start Page or a Flow Level Event Handler for no-input-default. This event is called for the empty messages for the 3rd time and applies to all the pages in the flow </p>","kind":"stringValue"},"type":{"stringValue":"event_description","kind":"stringValue"}}},"kind":"structValue"}]},"kind":"listValue"}}},"message":"payload"}]
undefined [2025-02-06 13:06:01] INFO: Client disconnected from the server
undefined [2025-02-06 13:08:09] INFO: Server started on port 5000
undefined [2025-02-06 13:08:14] INFO: Client connected
undefined [2025-02-06 13:08:14] DEBUG: Received Message: Hello
undefined [2025-02-06 13:08:14] DEBUG: Received Event: null
undefined [2025-02-06 13:08:14] INFO: Intent Detect Time : undefined
undefined [2025-02-06 13:08:14] INFO: Intent Detect Time : undefined
undefined [2025-02-06 13:08:14] DEBUG: String Message Before Sending to the client - [{"responseType":"HANDLER_PROMPT","channel":"","payload":{"fields":{"data":{"listValue":{"values":[{"structValue":{"fields":{"value":{"stringValue":"<p1> Welcome to <b> DeukSpine Institute </b> !! </p1>","kind":"stringValue"},"type":{"stringValue":"text","kind":"stringValue"}}},"kind":"structValue"},{"structValue":{"fields":{"value":{"stringValue":"<p> I’m Deuk Spine Virtual Assistant your Virtual Guide for DeukSpine Institute Services.</p>","kind":"stringValue"},"type":{"stringValue":"text","kind":"stringValue"}}},"kind":"structValue"},{"structValue":{"fields":{"value":{"stringValue":"<p> How can I assist you today?</p>","kind":"stringValue"},"type":{"stringValue":"text","kind":"stringValue"}}},"kind":"structValue"}]},"kind":"listValue"}}},"message":"payload"}]
undefined [2025-02-06 13:08:26] DEBUG: Received Message: 
undefined [2025-02-06 13:08:26] DEBUG: Received Event: null
undefined [2025-02-06 13:08:26] INFO: Intent Detect Time : undefined
undefined [2025-02-06 13:08:26] INFO: Intent Detect Time : undefined
undefined [2025-02-06 13:08:26] DEBUG: String Message Before Sending to the client - [{"responseType":"HANDLER_PROMPT","channel":"","payload":{"fields":{"data":{"listValue":{"values":[{"structValue":{"fields":{"type":{"stringValue":"event_response","kind":"stringValue"},"value":{"stringValue":"<p> Hello.. Are you there ?? </p>","kind":"stringValue"}}},"kind":"structValue"},{"structValue":{"fields":{"value":{"stringValue":"<p> Please type up <b> Hi </b> to initiate a conversation. </p>","kind":"stringValue"},"type":{"stringValue":"event_response","kind":"stringValue"}}},"kind":"structValue"},{"structValue":{"fields":{"type":{"stringValue":"event_description","kind":"stringValue"},"value":{"stringValue":"<p> This is a Start Page or a Flow Level Event Handler for no-input-default. This event is called for the empty messages for the 2nd time no-input and applies to all the pages in the flow</p>","kind":"stringValue"}}},"kind":"structValue"}]},"kind":"listValue"}}},"message":"payload"}]
undefined [2025-02-06 13:08:27] INFO: Client disconnected from the server
undefined [2025-02-06 13:09:20] INFO: Server started on port 5000
undefined [2025-02-06 13:09:23] INFO: Client connected
undefined [2025-02-06 13:09:23] DEBUG: Received Message: Hello
undefined [2025-02-06 13:09:23] DEBUG: Received Event: null
undefined [2025-02-06 13:09:24] INFO: Intent Detect Time : undefined
undefined [2025-02-06 13:09:24] INFO: Intent Detect Time : undefined
undefined [2025-02-06 13:09:24] DEBUG: String Message Before Sending to the client - [{"responseType":"HANDLER_PROMPT","channel":"","payload":{"fields":{"data":{"listValue":{"values":[{"structValue":{"fields":{"value":{"stringValue":"<p1> Welcome to <b> DeukSpine Institute </b> !! </p1>","kind":"stringValue"},"type":{"stringValue":"text","kind":"stringValue"}}},"kind":"structValue"},{"structValue":{"fields":{"type":{"stringValue":"text","kind":"stringValue"},"value":{"stringValue":"<p> I’m Deuk Spine Virtual Assistant your Virtual Guide for DeukSpine Institute Services.</p>","kind":"stringValue"}}},"kind":"structValue"},{"structValue":{"fields":{"value":{"stringValue":"<p> How can I assist you today?</p>","kind":"stringValue"},"type":{"stringValue":"text","kind":"stringValue"}}},"kind":"structValue"}]},"kind":"listValue"}}},"message":"payload"},{"responseType":"ENTRY_PROMPT","channel":"","payload":{"fields":{"data":{"listValue":{"values":[{"structValue":{"fields":{"type":{"stringValue":"text","kind":"stringValue"},"value":{"stringValue":"<p> Are you wanting to learn about your <b><i> Spine Condition </i></b>, or you have any  <b><i> Administrative Questions  </i></b> that I can answer for you? </p>","kind":"stringValue"}}},"kind":"structValue"}]},"kind":"listValue"}}},"message":"payload"}]
undefined [2025-02-06 13:09:35] DEBUG: Received Message: Spin
undefined [2025-02-06 13:09:35] DEBUG: Received Event: null
undefined [2025-02-06 13:09:36] INFO: Intent Detect Time : undefined
undefined [2025-02-06 13:09:36] INFO: Intent Detect Time : undefined
undefined [2025-02-06 13:09:36] DEBUG: String Message Before Sending to the client - [{"responseType":"HANDLER_PROMPT","channel":"","payload":{"fields":{"data":{"listValue":{"values":[{"structValue":{"fields":{"type":{"stringValue":"event_response","kind":"stringValue"},"value":{"stringValue":"<p> Sorry, I did not get that. Can you please specify your intended query type </p> <p> I can help you with the following : </p>","kind":"stringValue"}}},"kind":"structValue"},{"structValue":{"fields":{"type":{"stringValue":"event_response","kind":"stringValue"},"value":{"stringValue":"<button type='button'> Educational Type </button>","kind":"stringValue"}}},"kind":"structValue"},{"structValue":{"fields":{"type":{"stringValue":"event_response","kind":"stringValue"},"value":{"stringValue":"<button type='button'> Administrative Type </button>","kind":"stringValue"}}},"kind":"structValue"},{"structValue":{"fields":{"value":{"stringValue":"<p> Please let me know your preference </p>","kind":"stringValue"},"type":{"stringValue":"event_response","kind":"stringValue"}}},"kind":"structValue"},{"structValue":{"fields":{"type":{"stringValue":"event_description","kind":"stringValue"},"value":{"stringValue":"<p> This is parameter level re-prompt handler, used to capture the required data when an unexpected user-input is encountered for the 2nd time no-match </p>","kind":"stringValue"}}},"kind":"structValue"}]},"kind":"listValue"}}},"message":"payload"}]
undefined [2025-02-06 13:09:39] DEBUG: Received Message: Spine conditions
undefined [2025-02-06 13:09:39] DEBUG: Received Event: null
undefined [2025-02-06 13:09:39] INFO: Intent Detect Time : undefined
undefined [2025-02-06 13:09:39] INFO: Intent Detect Time : undefined
undefined [2025-02-06 13:09:39] DEBUG: String Message Before Sending to the client - [{"responseType":"HANDLER_PROMPT","channel":"","payload":{"fields":{"data":{"listValue":{"values":[{"structValue":{"fields":{"value":{"stringValue":"<p> Is there a specific spine condition, that you are eager to learn about ? </p> <p> I may be able to help you with the following options : </p>","kind":"stringValue"},"type":{"stringValue":"text","kind":"stringValue"}}},"kind":"structValue"},{"structValue":{"fields":{"value":{"stringValue":"<button class='options-button' type='button'> Lower Back Pain </button>","kind":"stringValue"},"type":{"stringValue":"text","kind":"stringValue"}}},"kind":"structValue"},{"structValue":{"fields":{"type":{"stringValue":"text","kind":"stringValue"},"value":{"stringValue":"<button class='options-button' type='button'> Neck Pain</button>","kind":"stringValue"}}},"kind":"structValue"},{"structValue":{"fields":{"type":{"stringValue":"text","kind":"stringValue"},"value":{"stringValue":"<button class='options-button' type='button'> Thoracic Pain </button>","kind":"stringValue"}}},"kind":"structValue"}]},"kind":"listValue"}}},"message":"payload"}]
undefined [2025-02-06 13:09:49] DEBUG: Received Message: 
undefined [2025-02-06 13:09:49] DEBUG: Received Event: null
undefined [2025-02-06 13:09:50] INFO: Intent Detect Time : undefined
undefined [2025-02-06 13:09:50] INFO: Intent Detect Time : undefined
undefined [2025-02-06 13:09:50] DEBUG: String Message Before Sending to the client - [{"responseType":"HANDLER_PROMPT","channel":"","payload":{"fields":{"data":{"listValue":{"values":[{"structValue":{"fields":{"value":{"stringValue":"<p> I didn't get any response. Can you say it again? <p>","kind":"stringValue"},"type":{"stringValue":"event_response","kind":"stringValue"}}},"kind":"structValue"},{"structValue":{"fields":{"value":{"stringValue":" This is a Flow level No-Input Event handler intended to alert when an empty message is received from the user or there is no response following a time limit","kind":"stringValue"},"type":{"stringValue":"event_description","kind":"stringValue"}}},"kind":"structValue"}]},"kind":"listValue"}}},"message":"payload"}]
undefined [2025-02-06 13:10:02] INFO: Client disconnected from the server
undefined [2025-02-06 13:10:17] INFO: Server started on port 5000
undefined [2025-02-06 13:10:41] INFO: Client connected
undefined [2025-02-06 13:10:41] DEBUG: Received Message: Hello
undefined [2025-02-06 13:10:41] DEBUG: Received Event: null
undefined [2025-02-06 13:10:42] INFO: Intent Detect Time : undefined
undefined [2025-02-06 13:10:42] INFO: Intent Detect Time : undefined
undefined [2025-02-06 13:10:42] DEBUG: String Message Before Sending to the client - [{"responseType":"HANDLER_PROMPT","channel":"","payload":{"fields":{"data":{"listValue":{"values":[{"structValue":{"fields":{"value":{"stringValue":"<p1> Welcome to <b> DeukSpine Institute </b> !! </p1>","kind":"stringValue"},"type":{"stringValue":"text","kind":"stringValue"}}},"kind":"structValue"},{"structValue":{"fields":{"type":{"stringValue":"text","kind":"stringValue"},"value":{"stringValue":"<p> I’m Deuk Spine Virtual Assistant your Virtual Guide for DeukSpine Institute Services.</p>","kind":"stringValue"}}},"kind":"structValue"},{"structValue":{"fields":{"value":{"stringValue":"<p> How can I assist you today?</p>","kind":"stringValue"},"type":{"stringValue":"text","kind":"stringValue"}}},"kind":"structValue"}]},"kind":"listValue"}}},"message":"payload"},{"responseType":"ENTRY_PROMPT","channel":"","payload":{"fields":{"data":{"listValue":{"values":[{"structValue":{"fields":{"value":{"stringValue":"<p> Are you wanting to learn about your <b><i> Spine Condition </i></b>, or you have any  <b><i> Administrative Questions  </i></b> that I can answer for you? </p>","kind":"stringValue"},"type":{"stringValue":"text","kind":"stringValue"}}},"kind":"structValue"}]},"kind":"listValue"}}},"message":"payload"}]
undefined [2025-02-06 13:10:55] DEBUG: Received Message: Spine conditions
undefined [2025-02-06 13:10:55] DEBUG: Received Event: null
undefined [2025-02-06 13:10:56] INFO: Intent Detect Time : undefined
undefined [2025-02-06 13:10:56] INFO: Intent Detect Time : undefined
undefined [2025-02-06 13:10:56] DEBUG: String Message Before Sending to the client - [{"responseType":"HANDLER_PROMPT","channel":"","payload":{"fields":{"data":{"listValue":{"values":[{"structValue":{"fields":{"value":{"stringValue":"<p> Is there a specific spine condition, that you are eager to learn about ? </p> <p> I may be able to help you with the following options : </p>","kind":"stringValue"},"type":{"stringValue":"text","kind":"stringValue"}}},"kind":"structValue"},{"structValue":{"fields":{"value":{"stringValue":"<button class='options-button' type='button'> Lower Back Pain </button>","kind":"stringValue"},"type":{"stringValue":"text","kind":"stringValue"}}},"kind":"structValue"},{"structValue":{"fields":{"type":{"stringValue":"text","kind":"stringValue"},"value":{"stringValue":"<button class='options-button' type='button'> Neck Pain</button>","kind":"stringValue"}}},"kind":"structValue"},{"structValue":{"fields":{"type":{"stringValue":"text","kind":"stringValue"},"value":{"stringValue":"<button class='options-button' type='button'> Thoracic Pain </button>","kind":"stringValue"}}},"kind":"structValue"}]},"kind":"listValue"}}},"message":"payload"}]
undefined [2025-02-06 13:11:05] DEBUG: Received Message: 
undefined [2025-02-06 13:11:05] DEBUG: Received Event: null
undefined [2025-02-06 13:11:05] INFO: Intent Detect Time : undefined
undefined [2025-02-06 13:11:05] INFO: Intent Detect Time : undefined
undefined [2025-02-06 13:11:05] DEBUG: String Message Before Sending to the client - [{"responseType":"HANDLER_PROMPT","channel":"","payload":{"fields":{"data":{"listValue":{"values":[{"structValue":{"fields":{"type":{"stringValue":"event_response","kind":"stringValue"},"value":{"stringValue":"<p> I didn't get any response. Can you say it again? <p>","kind":"stringValue"}}},"kind":"structValue"},{"structValue":{"fields":{"type":{"stringValue":"event_description","kind":"stringValue"},"value":{"stringValue":" This is a Flow level No-Input Event handler intended to alert when an empty message is received from the user or there is no response following a time limit","kind":"stringValue"}}},"kind":"structValue"}]},"kind":"listValue"}}},"message":"payload"}]
undefined [2025-02-06 13:11:54] INFO: Server started on port 5000
undefined [2025-02-06 13:11:56] INFO: Client connected
undefined [2025-02-06 13:11:56] DEBUG: Received Message: Hello
undefined [2025-02-06 13:11:56] DEBUG: Received Event: null
undefined [2025-02-06 13:11:57] INFO: Intent Detect Time : undefined
undefined [2025-02-06 13:11:57] INFO: Intent Detect Time : undefined
undefined [2025-02-06 13:11:57] DEBUG: String Message Before Sending to the client - [{"responseType":"HANDLER_PROMPT","channel":"","payload":{"fields":{"data":{"listValue":{"values":[{"structValue":{"fields":{"value":{"stringValue":"<p1> Welcome to <b> DeukSpine Institute </b> !! </p1>","kind":"stringValue"},"type":{"stringValue":"text","kind":"stringValue"}}},"kind":"structValue"},{"structValue":{"fields":{"value":{"stringValue":"<p> I’m Deuk Spine Virtual Assistant your Virtual Guide for DeukSpine Institute Services.</p>","kind":"stringValue"},"type":{"stringValue":"text","kind":"stringValue"}}},"kind":"structValue"},{"structValue":{"fields":{"value":{"stringValue":"<p> How can I assist you today?</p>","kind":"stringValue"},"type":{"stringValue":"text","kind":"stringValue"}}},"kind":"structValue"}]},"kind":"listValue"}}},"message":"payload"},{"responseType":"ENTRY_PROMPT","channel":"","payload":{"fields":{"data":{"listValue":{"values":[{"structValue":{"fields":{"value":{"stringValue":"<p> Are you wanting to learn about your <b><i> Spine Condition </i></b>, or you have any  <b><i> Administrative Questions  </i></b> that I can answer for you? </p>","kind":"stringValue"},"type":{"stringValue":"text","kind":"stringValue"}}},"kind":"structValue"}]},"kind":"listValue"}}},"message":"payload"}]
undefined [2025-02-06 13:12:24] DEBUG: Received Message: spine condition
undefined [2025-02-06 13:12:24] DEBUG: Received Event: null
undefined [2025-02-06 13:12:24] INFO: Intent Detect Time : undefined
undefined [2025-02-06 13:12:24] INFO: Intent Detect Time : undefined
undefined [2025-02-06 13:12:24] DEBUG: String Message Before Sending to the client - [{"responseType":"HANDLER_PROMPT","channel":"","payload":{"fields":{"data":{"listValue":{"values":[{"structValue":{"fields":{"type":{"stringValue":"text","kind":"stringValue"},"value":{"stringValue":"<p> Is there a specific spine condition, that you are eager to learn about ? </p> <p> I may be able to help you with the following options : </p>","kind":"stringValue"}}},"kind":"structValue"},{"structValue":{"fields":{"value":{"stringValue":"<button class='options-button' type='button'> Lower Back Pain </button>","kind":"stringValue"},"type":{"stringValue":"text","kind":"stringValue"}}},"kind":"structValue"},{"structValue":{"fields":{"value":{"stringValue":"<button class='options-button' type='button'> Neck Pain</button>","kind":"stringValue"},"type":{"stringValue":"text","kind":"stringValue"}}},"kind":"structValue"},{"structValue":{"fields":{"type":{"stringValue":"text","kind":"stringValue"},"value":{"stringValue":"<button class='options-button' type='button'> Thoracic Pain </button>","kind":"stringValue"}}},"kind":"structValue"}]},"kind":"listValue"}}},"message":"payload"}]
undefined [2025-02-06 13:13:24] DEBUG: Received Message: 
undefined [2025-02-06 13:13:24] DEBUG: Received Event: null
undefined [2025-02-06 13:13:25] INFO: Intent Detect Time : undefined
undefined [2025-02-06 13:13:25] INFO: Intent Detect Time : undefined
undefined [2025-02-06 13:13:25] DEBUG: String Message Before Sending to the client - [{"responseType":"HANDLER_PROMPT","channel":"","payload":{"fields":{"data":{"listValue":{"values":[{"structValue":{"fields":{"value":{"stringValue":"<p> I didn't get any response. Can you say it again? <p>","kind":"stringValue"},"type":{"stringValue":"event_response","kind":"stringValue"}}},"kind":"structValue"},{"structValue":{"fields":{"value":{"stringValue":" This is a Flow level No-Input Event handler intended to alert when an empty message is received from the user or there is no response following a time limit","kind":"stringValue"},"type":{"stringValue":"event_description","kind":"stringValue"}}},"kind":"structValue"}]},"kind":"listValue"}}},"message":"payload"}]
undefined [2025-02-06 13:14:24] DEBUG: Received Message: 
undefined [2025-02-06 13:14:24] DEBUG: Received Event: null
undefined [2025-02-06 13:14:24] INFO: Intent Detect Time : undefined
undefined [2025-02-06 13:14:24] INFO: Intent Detect Time : undefined
undefined [2025-02-06 13:14:24] DEBUG: String Message Before Sending to the client - [{"responseType":"HANDLER_PROMPT","channel":"","payload":{"fields":{"data":{"listValue":{"values":[{"structValue":{"fields":{"type":{"stringValue":"event_response","kind":"stringValue"},"value":{"stringValue":"<p> I didn't get any response. Can you say it again? <p>","kind":"stringValue"}}},"kind":"structValue"},{"structValue":{"fields":{"type":{"stringValue":"event_description","kind":"stringValue"},"value":{"stringValue":" This is a Flow level No-Input Event handler intended to alert when an empty message is received from the user or there is no response following a time limit","kind":"stringValue"}}},"kind":"structValue"}]},"kind":"listValue"}}},"message":"payload"}]
undefined [2025-02-06 13:16:38] INFO: Server started on port 5000
undefined [2025-02-06 13:16:40] INFO: Client connected
undefined [2025-02-06 13:16:40] DEBUG: Received Message: Hello
undefined [2025-02-06 13:16:40] DEBUG: Received Event: null
undefined [2025-02-06 13:16:41] INFO: Intent Detect Time : undefined
undefined [2025-02-06 13:16:41] INFO: Intent Detect Time : undefined
undefined [2025-02-06 13:16:41] DEBUG: String Message Before Sending to the client - [{"responseType":"HANDLER_PROMPT","channel":"","payload":{"fields":{"data":{"listValue":{"values":[{"structValue":{"fields":{"type":{"stringValue":"text","kind":"stringValue"},"value":{"stringValue":"<p1> Welcome to <b> DeukSpine Institute </b> !! </p1>","kind":"stringValue"}}},"kind":"structValue"},{"structValue":{"fields":{"type":{"stringValue":"text","kind":"stringValue"},"value":{"stringValue":"<p> I’m Deuk Spine Virtual Assistant your Virtual Guide for DeukSpine Institute Services.</p>","kind":"stringValue"}}},"kind":"structValue"},{"structValue":{"fields":{"value":{"stringValue":"<p> How can I assist you today?</p>","kind":"stringValue"},"type":{"stringValue":"text","kind":"stringValue"}}},"kind":"structValue"}]},"kind":"listValue"}}},"message":"payload"},{"responseType":"ENTRY_PROMPT","channel":"","payload":{"fields":{"data":{"listValue":{"values":[{"structValue":{"fields":{"type":{"stringValue":"text","kind":"stringValue"},"value":{"stringValue":"<p> Are you wanting to learn about your <b><i> Spine Condition </i></b>, or you have any  <b><i> Administrative Questions  </i></b> that I can answer for you? </p>","kind":"stringValue"}}},"kind":"structValue"}]},"kind":"listValue"}}},"message":"payload"}]
undefined [2025-02-06 13:16:56] DEBUG: Received Message: spine condition
undefined [2025-02-06 13:16:56] DEBUG: Received Event: null
undefined [2025-02-06 13:16:56] INFO: Intent Detect Time : undefined
undefined [2025-02-06 13:16:56] INFO: Intent Detect Time : undefined
undefined [2025-02-06 13:16:56] DEBUG: String Message Before Sending to the client - [{"responseType":"HANDLER_PROMPT","channel":"","payload":{"fields":{"data":{"listValue":{"values":[{"structValue":{"fields":{"value":{"stringValue":"<p> Is there a specific spine condition, that you are eager to learn about ? </p> <p> I may be able to help you with the following options : </p>","kind":"stringValue"},"type":{"stringValue":"text","kind":"stringValue"}}},"kind":"structValue"},{"structValue":{"fields":{"value":{"stringValue":"<button class='options-button' type='button'> Lower Back Pain </button>","kind":"stringValue"},"type":{"stringValue":"text","kind":"stringValue"}}},"kind":"structValue"},{"structValue":{"fields":{"type":{"stringValue":"text","kind":"stringValue"},"value":{"stringValue":"<button class='options-button' type='button'> Neck Pain</button>","kind":"stringValue"}}},"kind":"structValue"},{"structValue":{"fields":{"type":{"stringValue":"text","kind":"stringValue"},"value":{"stringValue":"<button class='options-button' type='button'> Thoracic Pain </button>","kind":"stringValue"}}},"kind":"structValue"}]},"kind":"listValue"}}},"message":"payload"}]
undefined [2025-02-06 13:17:03] DEBUG: Received Message: 
undefined [2025-02-06 13:17:03] DEBUG: Received Event: null
undefined [2025-02-06 13:17:03] INFO: Intent Detect Time : undefined
undefined [2025-02-06 13:17:03] INFO: Intent Detect Time : undefined
undefined [2025-02-06 13:17:03] DEBUG: String Message Before Sending to the client - [{"responseType":"HANDLER_PROMPT","channel":"","payload":{"fields":{"data":{"listValue":{"values":[{"structValue":{"fields":{"type":{"stringValue":"event_response","kind":"stringValue"},"value":{"stringValue":"<p> I didn't get any response. Can you say it again? <p>","kind":"stringValue"}}},"kind":"structValue"},{"structValue":{"fields":{"value":{"stringValue":" This is a Flow level No-Input Event handler intended to alert when an empty message is received from the user or there is no response following a time limit","kind":"stringValue"},"type":{"stringValue":"event_description","kind":"stringValue"}}},"kind":"structValue"}]},"kind":"listValue"}}},"message":"payload"}]
undefined [2025-02-06 13:17:47] INFO: Client disconnected from the server
undefined [2025-02-06 13:22:28] INFO: Server started on port 5000
undefined [2025-02-06 13:22:35] INFO: afa0e6e7-2bb4-4fb2-b6b2-09c9e093183a
undefined [2025-02-06 13:22:35] DEBUG: Received Message: Hello
undefined [2025-02-06 13:22:35] DEBUG: Received Event: null
undefined [2025-02-06 13:22:36] INFO: Intent Detect Time : undefined
undefined [2025-02-06 13:22:36] INFO: Intent Detect Time : undefined
undefined [2025-02-06 13:22:36] DEBUG: String Message Before Sending to the client - [{"responseType":"HANDLER_PROMPT","channel":"","payload":{"fields":{"data":{"listValue":{"values":[{"structValue":{"fields":{"type":{"stringValue":"text","kind":"stringValue"},"value":{"stringValue":"<p1> Welcome to <b> DeukSpine Institute </b> !! </p1>","kind":"stringValue"}}},"kind":"structValue"},{"structValue":{"fields":{"type":{"stringValue":"text","kind":"stringValue"},"value":{"stringValue":"<p> I’m Deuk Spine Virtual Assistant your Virtual Guide for DeukSpine Institute Services.</p>","kind":"stringValue"}}},"kind":"structValue"},{"structValue":{"fields":{"value":{"stringValue":"<p> How can I assist you today?</p>","kind":"stringValue"},"type":{"stringValue":"text","kind":"stringValue"}}},"kind":"structValue"}]},"kind":"listValue"}}},"message":"payload"},{"responseType":"ENTRY_PROMPT","channel":"","payload":{"fields":{"data":{"listValue":{"values":[{"structValue":{"fields":{"type":{"stringValue":"text","kind":"stringValue"},"value":{"stringValue":"<p> Are you wanting to learn about your <b><i> Spine Condition </i></b>, or you have any  <b><i> Administrative Questions  </i></b> that I can answer for you? </p>","kind":"stringValue"}}},"kind":"structValue"}]},"kind":"listValue"}}},"message":"payload"}]
undefined [2025-02-06 13:23:37] DEBUG: Received Message: 
undefined [2025-02-06 13:23:37] DEBUG: Received Event: null
undefined [2025-02-06 13:23:38] INFO: Intent Detect Time : undefined
undefined [2025-02-06 13:23:38] INFO: Intent Detect Time : undefined
undefined [2025-02-06 13:23:38] DEBUG: String Message Before Sending to the client - [{"responseType":"HANDLER_PROMPT","channel":"","payload":{"fields":{"data":{"listValue":{"values":[{"structValue":{"fields":{"value":{"stringValue":"<p> Sorry, I did not receive a response. Can you please specify your intended query type </p> <p> I can help you with the following : </p>","kind":"stringValue"},"type":{"stringValue":"event_response","kind":"stringValue"}}},"kind":"structValue"},{"structValue":{"fields":{"value":{"stringValue":"<button type='button'> Educational Type </button>","kind":"stringValue"},"type":{"stringValue":"event_response","kind":"stringValue"}}},"kind":"structValue"},{"structValue":{"fields":{"type":{"stringValue":"event_response","kind":"stringValue"},"value":{"stringValue":"<button type='button'> Administrative Type </button>","kind":"stringValue"}}},"kind":"structValue"},{"structValue":{"fields":{"value":{"stringValue":"<p> Please let me know your preference </p>","kind":"stringValue"},"type":{"stringValue":"event_response","kind":"stringValue"}}},"kind":"structValue"},{"structValue":{"fields":{"type":{"stringValue":"event_description","kind":"stringValue"},"value":{"stringValue":"<p> This is parameter level re-prompt handler, used to capture the required data when an empty user-input is encountered for the 2nd time no-input </p>","kind":"stringValue"}}},"kind":"structValue"}]},"kind":"listValue"}}},"message":"payload"}]
undefined [2025-02-06 13:24:38] DEBUG: Received Message: 
undefined [2025-02-06 13:24:38] DEBUG: Received Event: null
undefined [2025-02-06 13:24:38] INFO: Intent Detect Time : undefined
undefined [2025-02-06 13:24:38] INFO: Intent Detect Time : undefined
undefined [2025-02-06 13:24:38] DEBUG: String Message Before Sending to the client - [{"responseType":"HANDLER_PROMPT","channel":"","payload":{"fields":{"data":{"listValue":{"values":[{"structValue":{"fields":{"type":{"stringValue":"event_response","kind":"stringValue"},"value":{"stringValue":"<p> Looks like I'm not able to capture your answers or you have a left the chat. </p>","kind":"stringValue"}}},"kind":"structValue"},{"structValue":{"fields":{"type":{"stringValue":"event_response","kind":"stringValue"},"value":{"stringValue":"<p> Ending Chat Session... </p>","kind":"stringValue"}}},"kind":"structValue"},{"structValue":{"fields":{"value":{"stringValue":"<p> You can reach out to me any time any more questions </p>","kind":"stringValue"},"type":{"stringValue":"event_response","kind":"stringValue"}}},"kind":"structValue"},{"structValue":{"fields":{"type":{"stringValue":"event_description","kind":"stringValue"},"value":{"stringValue":"<p> This is parameter level re-prompt handler, used to capture the required data when an unexpected user-input is encountered for the 2nd time no-match </p>","kind":"stringValue"}}},"kind":"structValue"}]},"kind":"listValue"}}},"message":"payload"},{"responseType":"RESPONSE_TYPE_UNSPECIFIED","channel":"","endInteraction":{},"message":"endInteraction"}]
undefined -- [2025-02-06 13:53:16] INFO: Server started on port 5000
undefined -- [2025-02-06 13:53:19] INFO: Client connected
undefined -- [2025-02-06 13:53:19] DEBUG: Received Message: Hello
undefined -- [2025-02-06 13:53:19] DEBUG: Received Event: null
undefined -- [2025-02-06 13:53:21] INFO: Intent Detect Time : undefined
undefined -- [2025-02-06 13:53:21] INFO: Intent Detect Time : undefined
undefined -- [2025-02-06 13:53:21] DEBUG: String Message Before Sending to the client - [{"responseType":"HANDLER_PROMPT","channel":"","payload":{"fields":{"data":{"listValue":{"values":[{"structValue":{"fields":{"value":{"stringValue":"<p1> Welcome to <b> DeukSpine Institute </b> !! </p1>","kind":"stringValue"},"type":{"stringValue":"text","kind":"stringValue"}}},"kind":"structValue"},{"structValue":{"fields":{"type":{"stringValue":"text","kind":"stringValue"},"value":{"stringValue":"<p> I’m Deuk Spine Virtual Assistant your Virtual Guide for DeukSpine Institute Services.</p>","kind":"stringValue"}}},"kind":"structValue"},{"structValue":{"fields":{"value":{"stringValue":"<p> How can I assist you today?</p>","kind":"stringValue"},"type":{"stringValue":"text","kind":"stringValue"}}},"kind":"structValue"}]},"kind":"listValue"}}},"message":"payload"},{"responseType":"ENTRY_PROMPT","channel":"","payload":{"fields":{"data":{"listValue":{"values":[{"structValue":{"fields":{"type":{"stringValue":"text","kind":"stringValue"},"value":{"stringValue":"<p> Are you wanting to learn about your <b><i> Spine Condition </i></b>, or you have any  <b><i> Administrative Questions  </i></b> that I can answer for you? </p>","kind":"stringValue"}}},"kind":"structValue"}]},"kind":"listValue"}}},"message":"payload"}]
undefined -- [2025-02-06 13:54:22] DEBUG: Received Message: 
undefined -- [2025-02-06 13:54:22] DEBUG: Received Event: null
undefined -- [2025-02-06 13:54:22] INFO: Intent Detect Time : undefined
undefined -- [2025-02-06 13:54:22] INFO: Intent Detect Time : undefined
undefined -- [2025-02-06 13:54:22] DEBUG: String Message Before Sending to the client - [{"responseType":"HANDLER_PROMPT","channel":"","payload":{"fields":{"data":{"listValue":{"values":[{"structValue":{"fields":{"value":{"stringValue":"<p> Sorry, I did not receive a response. Can you please specify your intended query type </p> <p> I can help you with the following : </p>","kind":"stringValue"},"type":{"stringValue":"event_response","kind":"stringValue"}}},"kind":"structValue"},{"structValue":{"fields":{"value":{"stringValue":"<button type='button'> Educational Type </button>","kind":"stringValue"},"type":{"stringValue":"event_response","kind":"stringValue"}}},"kind":"structValue"},{"structValue":{"fields":{"type":{"stringValue":"event_response","kind":"stringValue"},"value":{"stringValue":"<button type='button'> Administrative Type </button>","kind":"stringValue"}}},"kind":"structValue"},{"structValue":{"fields":{"type":{"stringValue":"event_response","kind":"stringValue"},"value":{"stringValue":"<p> Please let me know your preference </p>","kind":"stringValue"}}},"kind":"structValue"},{"structValue":{"fields":{"value":{"stringValue":"<p> This is parameter level re-prompt handler, used to capture the required data when an empty user-input is encountered for the 2nd time no-input </p>","kind":"stringValue"},"type":{"stringValue":"event_description","kind":"stringValue"}}},"kind":"structValue"}]},"kind":"listValue"}}},"message":"payload"}]
undefined -- [2025-02-06 13:54:33] INFO: Client disconnected from the server
undefined -- [2025-02-06 13:54:53] INFO: Server started on port 5000
undefined -- [2025-02-06 13:54:58] INFO: Client connected
undefined -- [2025-02-06 13:54:58] DEBUG: Received Message: Hello
undefined -- [2025-02-06 13:54:58] DEBUG: Received Event: null
undefined -- [2025-02-06 13:54:59] INFO: Intent Detect Time : undefined
undefined -- [2025-02-06 13:54:59] INFO: Intent Detect Time : undefined
undefined -- [2025-02-06 13:54:59] DEBUG: String Message Before Sending to the client - [{"responseType":"HANDLER_PROMPT","channel":"","payload":{"fields":{"data":{"listValue":{"values":[{"structValue":{"fields":{"type":{"stringValue":"text","kind":"stringValue"},"value":{"stringValue":"<p1> Welcome to <b> DeukSpine Institute </b> !! </p1>","kind":"stringValue"}}},"kind":"structValue"},{"structValue":{"fields":{"type":{"stringValue":"text","kind":"stringValue"},"value":{"stringValue":"<p> I’m Deuk Spine Virtual Assistant your Virtual Guide for DeukSpine Institute Services.</p>","kind":"stringValue"}}},"kind":"structValue"},{"structValue":{"fields":{"type":{"stringValue":"text","kind":"stringValue"},"value":{"stringValue":"<p> How can I assist you today?</p>","kind":"stringValue"}}},"kind":"structValue"}]},"kind":"listValue"}}},"message":"payload"},{"responseType":"ENTRY_PROMPT","channel":"","payload":{"fields":{"data":{"listValue":{"values":[{"structValue":{"fields":{"type":{"stringValue":"text","kind":"stringValue"},"value":{"stringValue":"<p> Are you wanting to learn about your <b><i> Spine Condition </i></b>, or you have any  <b><i> Administrative Questions  </i></b> that I can answer for you? </p>","kind":"stringValue"}}},"kind":"structValue"}]},"kind":"listValue"}}},"message":"payload"}]
undefined -- [2025-02-06 13:56:01] DEBUG: Received Message: 
undefined -- [2025-02-06 13:56:01] DEBUG: Received Event: null
undefined -- [2025-02-06 13:56:01] INFO: Intent Detect Time : undefined
undefined -- [2025-02-06 13:56:01] INFO: Intent Detect Time : undefined
undefined -- [2025-02-06 13:56:01] DEBUG: String Message Before Sending to the client - [{"responseType":"HANDLER_PROMPT","channel":"","payload":{"fields":{"data":{"listValue":{"values":[{"structValue":{"fields":{"value":{"stringValue":"<p> Sorry, I did not receive a response. Can you please specify your intended query type </p> <p> I can help you with the following : </p>","kind":"stringValue"},"type":{"stringValue":"event_response","kind":"stringValue"}}},"kind":"structValue"},{"structValue":{"fields":{"value":{"stringValue":"<button type='button'> Educational Type </button>","kind":"stringValue"},"type":{"stringValue":"event_response","kind":"stringValue"}}},"kind":"structValue"},{"structValue":{"fields":{"value":{"stringValue":"<button type='button'> Administrative Type </button>","kind":"stringValue"},"type":{"stringValue":"event_response","kind":"stringValue"}}},"kind":"structValue"},{"structValue":{"fields":{"value":{"stringValue":"<p> Please let me know your preference </p>","kind":"stringValue"},"type":{"stringValue":"event_response","kind":"stringValue"}}},"kind":"structValue"},{"structValue":{"fields":{"type":{"stringValue":"event_description","kind":"stringValue"},"value":{"stringValue":"<p> This is parameter level re-prompt handler, used to capture the required data when an empty user-input is encountered for the 2nd time no-input </p>","kind":"stringValue"}}},"kind":"structValue"}]},"kind":"listValue"}}},"message":"payload"}]
undefined -- [2025-02-06 14:05:24] INFO: Server started on port 5000
b12c05d2-becc-4c9a-8ca8-d63b8597a5ec -- [2025-02-06 14:05:28] INFO: Client connected
undefined -- [2025-02-06 14:05:28] DEBUG: Received Message: Hello
undefined -- [2025-02-06 14:05:28] DEBUG: Received Event: null
undefined -- [2025-02-06 14:05:28] INFO: Intent Detect Time : undefined
undefined -- [2025-02-06 14:05:28] INFO: Intent Detect Time : undefined
undefined -- [2025-02-06 14:05:28] DEBUG: String Message Before Sending to the client - [{"responseType":"HANDLER_PROMPT","channel":"","payload":{"fields":{"data":{"listValue":{"values":[{"structValue":{"fields":{"value":{"stringValue":"<p1> Welcome to <b> DeukSpine Institute </b> !! </p1>","kind":"stringValue"},"type":{"stringValue":"text","kind":"stringValue"}}},"kind":"structValue"},{"structValue":{"fields":{"type":{"stringValue":"text","kind":"stringValue"},"value":{"stringValue":"<p> I’m Deuk Spine Virtual Assistant your Virtual Guide for DeukSpine Institute Services.</p>","kind":"stringValue"}}},"kind":"structValue"},{"structValue":{"fields":{"type":{"stringValue":"text","kind":"stringValue"},"value":{"stringValue":"<p> How can I assist you today?</p>","kind":"stringValue"}}},"kind":"structValue"}]},"kind":"listValue"}}},"message":"payload"},{"responseType":"ENTRY_PROMPT","channel":"","payload":{"fields":{"data":{"listValue":{"values":[{"structValue":{"fields":{"type":{"stringValue":"text","kind":"stringValue"},"value":{"stringValue":"<p> Are you wanting to learn about your <b><i> Spine Condition </i></b>, or you have any  <b><i> Administrative Questions  </i></b> that I can answer for you? </p>","kind":"stringValue"}}},"kind":"structValue"}]},"kind":"listValue"}}},"message":"payload"}]
undefined -- [2025-02-06 14:05:42] INFO: Client disconnected from the server
$SessionID -> {sessionID} [2025-02-06 14:14:16] INFO: Server started on port 5000
$SessionID -> {sessionID} [2025-02-06 14:14:21] INFO: Client connected
$SessionID -> {sessionID} [2025-02-06 14:14:21] DEBUG: Received Message: Hello
$SessionID -> {sessionID} [2025-02-06 14:14:21] DEBUG: Received Event: null
$SessionID -> {sessionID} [2025-02-06 14:14:22] INFO: Intent Detect Time : undefined
$SessionID -> {sessionID} [2025-02-06 14:14:22] INFO: Intent Detect Time : undefined
$SessionID -> {sessionID} [2025-02-06 14:14:22] DEBUG: String Message Before Sending to the client - [{"responseType":"HANDLER_PROMPT","channel":"","payload":{"fields":{"data":{"listValue":{"values":[{"structValue":{"fields":{"value":{"stringValue":"<p1> Welcome to <b> DeukSpine Institute </b> !! </p1>","kind":"stringValue"},"type":{"stringValue":"text","kind":"stringValue"}}},"kind":"structValue"},{"structValue":{"fields":{"type":{"stringValue":"text","kind":"stringValue"},"value":{"stringValue":"<p> I’m Deuk Spine Virtual Assistant your Virtual Guide for DeukSpine Institute Services.</p>","kind":"stringValue"}}},"kind":"structValue"},{"structValue":{"fields":{"type":{"stringValue":"text","kind":"stringValue"},"value":{"stringValue":"<p> How can I assist you today?</p>","kind":"stringValue"}}},"kind":"structValue"}]},"kind":"listValue"}}},"message":"payload"},{"responseType":"ENTRY_PROMPT","channel":"","payload":{"fields":{"data":{"listValue":{"values":[{"structValue":{"fields":{"type":{"stringValue":"text","kind":"stringValue"},"value":{"stringValue":"<p> Are you wanting to learn about your <b><i> Spine Condition </i></b>, or you have any  <b><i> Administrative Questions  </i></b> that I can answer for you? </p>","kind":"stringValue"}}},"kind":"structValue"}]},"kind":"listValue"}}},"message":"payload"}]
SessionID -> 51b458ea-71a6-457c-9c78-b8e55840624a [2025-02-06 14:15:24] INFO: Server started on port 5000
SessionID -> 51b458ea-71a6-457c-9c78-b8e55840624a [2025-02-06 14:15:27] INFO: Client connected
SessionID -> 51b458ea-71a6-457c-9c78-b8e55840624a [2025-02-06 14:15:27] DEBUG: Received Message: Hello
SessionID -> 51b458ea-71a6-457c-9c78-b8e55840624a [2025-02-06 14:15:27] DEBUG: Received Event: null
SessionID -> 51b458ea-71a6-457c-9c78-b8e55840624a [2025-02-06 14:15:28] INFO: Intent Detect Time : undefined
SessionID -> 51b458ea-71a6-457c-9c78-b8e55840624a [2025-02-06 14:15:28] INFO: Intent Detect Time : undefined
SessionID -> 51b458ea-71a6-457c-9c78-b8e55840624a [2025-02-06 14:15:28] DEBUG: String Message Before Sending to the client - [{"responseType":"HANDLER_PROMPT","channel":"","payload":{"fields":{"data":{"listValue":{"values":[{"structValue":{"fields":{"type":{"stringValue":"text","kind":"stringValue"},"value":{"stringValue":"<p1> Welcome to <b> DeukSpine Institute </b> !! </p1>","kind":"stringValue"}}},"kind":"structValue"},{"structValue":{"fields":{"type":{"stringValue":"text","kind":"stringValue"},"value":{"stringValue":"<p> I’m Deuk Spine Virtual Assistant your Virtual Guide for DeukSpine Institute Services.</p>","kind":"stringValue"}}},"kind":"structValue"},{"structValue":{"fields":{"type":{"stringValue":"text","kind":"stringValue"},"value":{"stringValue":"<p> How can I assist you today?</p>","kind":"stringValue"}}},"kind":"structValue"}]},"kind":"listValue"}}},"message":"payload"},{"responseType":"ENTRY_PROMPT","channel":"","payload":{"fields":{"data":{"listValue":{"values":[{"structValue":{"fields":{"type":{"stringValue":"text","kind":"stringValue"},"value":{"stringValue":"<p> Are you wanting to learn about your <b><i> Spine Condition </i></b>, or you have any  <b><i> Administrative Questions  </i></b> that I can answer for you? </p>","kind":"stringValue"}}},"kind":"structValue"}]},"kind":"listValue"}}},"message":"payload"}]
SessionID -> f8231a39-eb97-42f0-9f0b-a478b52b5ab6 [2025-02-06 14:29:03] INFO: Server started on port 5000
SessionID -> f8231a39-eb97-42f0-9f0b-a478b52b5ab6 [2025-02-06 14:29:10] INFO: Client connected
SessionID -> f8231a39-eb97-42f0-9f0b-a478b52b5ab6 [2025-02-06 14:29:10] DEBUG: Received Message: Hello
SessionID -> f8231a39-eb97-42f0-9f0b-a478b52b5ab6 [2025-02-06 14:29:10] DEBUG: Received Event: null
SessionID -> 69d4b37b-e467-487f-a97a-bf38c4b099a1 [2025-02-06 14:31:05] INFO: Server started on port 5000
SessionID -> 69d4b37b-e467-487f-a97a-bf38c4b099a1 [2025-02-06 14:31:09] INFO: Client connected
SessionID -> 69d4b37b-e467-487f-a97a-bf38c4b099a1 [2025-02-06 14:31:09] DEBUG: Received Message: Hello
SessionID -> 69d4b37b-e467-487f-a97a-bf38c4b099a1 [2025-02-06 14:31:09] DEBUG: Received Event: null
SessionID -> 69d4b37b-e467-487f-a97a-bf38c4b099a1 [2025-02-06 14:31:10] INFO: DialogFlow Request Time : 0
SessionID -> 69d4b37b-e467-487f-a97a-bf38c4b099a1 [2025-02-06 14:31:10] INFO: Intent Detect Time : 0
SessionID -> 69d4b37b-e467-487f-a97a-bf38c4b099a1 [2025-02-06 14:31:10] DEBUG: String Message Before Sending to the client - [{"responseType":"HANDLER_PROMPT","channel":"","payload":{"fields":{"data":{"listValue":{"values":[{"structValue":{"fields":{"value":{"stringValue":"<p1> Welcome to <b> DeukSpine Institute </b> !! </p1>","kind":"stringValue"},"type":{"stringValue":"text","kind":"stringValue"}}},"kind":"structValue"},{"structValue":{"fields":{"type":{"stringValue":"text","kind":"stringValue"},"value":{"stringValue":"<p> I’m Deuk Spine Virtual Assistant your Virtual Guide for DeukSpine Institute Services.</p>","kind":"stringValue"}}},"kind":"structValue"},{"structValue":{"fields":{"value":{"stringValue":"<p> How can I assist you today?</p>","kind":"stringValue"},"type":{"stringValue":"text","kind":"stringValue"}}},"kind":"structValue"}]},"kind":"listValue"}}},"message":"payload"},{"responseType":"ENTRY_PROMPT","channel":"","payload":{"fields":{"data":{"listValue":{"values":[{"structValue":{"fields":{"value":{"stringValue":"<p> Are you wanting to learn about your <b><i> Spine Condition </i></b>, or you have any  <b><i> Administrative Questions  </i></b> that I can answer for you? </p>","kind":"stringValue"},"type":{"stringValue":"text","kind":"stringValue"}}},"kind":"structValue"}]},"kind":"listValue"}}},"message":"payload"}]
SessionID -> 69d4b37b-e467-487f-a97a-bf38c4b099a1 [2025-02-06 14:31:59] INFO: Client disconnected from the server
SessionID -> 69d4b37b-e467-487f-a97a-bf38c4b099a1 [2025-02-06 14:31:59] INFO: Client connected
SessionID -> 69d4b37b-e467-487f-a97a-bf38c4b099a1 [2025-02-06 14:31:59] DEBUG: Received Message: Hello
SessionID -> 69d4b37b-e467-487f-a97a-bf38c4b099a1 [2025-02-06 14:31:59] DEBUG: Received Event: null
SessionID -> 69d4b37b-e467-487f-a97a-bf38c4b099a1 [2025-02-06 14:32:00] INFO: DialogFlow Request Time : 0
SessionID -> 69d4b37b-e467-487f-a97a-bf38c4b099a1 [2025-02-06 14:32:00] INFO: Intent Detect Time : 0
SessionID -> 69d4b37b-e467-487f-a97a-bf38c4b099a1 [2025-02-06 14:32:00] DEBUG: String Message Before Sending to the client - [{"responseType":"HANDLER_PROMPT","channel":"","payload":{"fields":{"data":{"listValue":{"values":[{"structValue":{"fields":{"type":{"stringValue":"text","kind":"stringValue"},"value":{"stringValue":"<p1> Welcome to <b> DeukSpine Institute </b> !! </p1>","kind":"stringValue"}}},"kind":"structValue"},{"structValue":{"fields":{"type":{"stringValue":"text","kind":"stringValue"},"value":{"stringValue":"<p> I’m Deuk Spine Virtual Assistant your Virtual Guide for DeukSpine Institute Services.</p>","kind":"stringValue"}}},"kind":"structValue"},{"structValue":{"fields":{"type":{"stringValue":"text","kind":"stringValue"},"value":{"stringValue":"<p> How can I assist you today?</p>","kind":"stringValue"}}},"kind":"structValue"}]},"kind":"listValue"}}},"message":"payload"},{"responseType":"ENTRY_PROMPT","channel":"","payload":{"fields":{"data":{"listValue":{"values":[{"structValue":{"fields":{"type":{"stringValue":"text","kind":"stringValue"},"value":{"stringValue":"<p> Are you wanting to learn about your <b><i> Spine Condition </i></b>, or you have any  <b><i> Administrative Questions  </i></b> that I can answer for you? </p>","kind":"stringValue"}}},"kind":"structValue"}]},"kind":"listValue"}}},"message":"payload"}]
SessionID -> f2a10f37-2a98-4fe2-8445-493bda40a165 [2025-02-06 14:32:13] INFO: Server started on port 5000
SessionID -> f2a10f37-2a98-4fe2-8445-493bda40a165 [2025-02-06 14:32:19] INFO: Client connected
SessionID -> f2a10f37-2a98-4fe2-8445-493bda40a165 [2025-02-06 14:32:19] DEBUG: Received Message: Hello
SessionID -> f2a10f37-2a98-4fe2-8445-493bda40a165 [2025-02-06 14:32:19] DEBUG: Received Event: null
SessionID -> f2a10f37-2a98-4fe2-8445-493bda40a165 [2025-02-06 14:32:20] INFO: DialogFlow Request Time : 807
SessionID -> f2a10f37-2a98-4fe2-8445-493bda40a165 [2025-02-06 14:32:20] INFO: Intent Detect Time : 383
SessionID -> f2a10f37-2a98-4fe2-8445-493bda40a165 [2025-02-06 14:32:20] DEBUG: String Message Before Sending to the client - [{"responseType":"HANDLER_PROMPT","channel":"","payload":{"fields":{"data":{"listValue":{"values":[{"structValue":{"fields":{"value":{"stringValue":"<p1> Welcome to <b> DeukSpine Institute </b> !! </p1>","kind":"stringValue"},"type":{"stringValue":"text","kind":"stringValue"}}},"kind":"structValue"},{"structValue":{"fields":{"type":{"stringValue":"text","kind":"stringValue"},"value":{"stringValue":"<p> I’m Deuk Spine Virtual Assistant your Virtual Guide for DeukSpine Institute Services.</p>","kind":"stringValue"}}},"kind":"structValue"},{"structValue":{"fields":{"type":{"stringValue":"text","kind":"stringValue"},"value":{"stringValue":"<p> How can I assist you today?</p>","kind":"stringValue"}}},"kind":"structValue"}]},"kind":"listValue"}}},"message":"payload"},{"responseType":"ENTRY_PROMPT","channel":"","payload":{"fields":{"data":{"listValue":{"values":[{"structValue":{"fields":{"type":{"stringValue":"text","kind":"stringValue"},"value":{"stringValue":"<p> Are you wanting to learn about your <b><i> Spine Condition </i></b>, or you have any  <b><i> Administrative Questions  </i></b> that I can answer for you? </p>","kind":"stringValue"}}},"kind":"structValue"}]},"kind":"listValue"}}},"message":"payload"}]
SessionID -> 9853e4dc-2d04-4e7d-bad5-cc73e7da1059 [2025-02-06 14:33:09] INFO: Server started on port 5000
SessionID -> 9853e4dc-2d04-4e7d-bad5-cc73e7da1059 [2025-02-06 14:33:11] INFO: Client connected
SessionID -> 9853e4dc-2d04-4e7d-bad5-cc73e7da1059 [2025-02-06 14:33:11] DEBUG: Received Message: Hello
SessionID -> 9853e4dc-2d04-4e7d-bad5-cc73e7da1059 [2025-02-06 14:33:11] DEBUG: Received Event: null
SessionID -> 9853e4dc-2d04-4e7d-bad5-cc73e7da1059 [2025-02-06 14:33:12] INFO: DialogFlow Request Time : 1110 ms
SessionID -> 9853e4dc-2d04-4e7d-bad5-cc73e7da1059 [2025-02-06 14:33:12] INFO: Intent Detect Time : 579 ms
SessionID -> 9853e4dc-2d04-4e7d-bad5-cc73e7da1059 [2025-02-06 14:33:12] DEBUG: String Message Before Sending to the client - [{"responseType":"HANDLER_PROMPT","channel":"","payload":{"fields":{"data":{"listValue":{"values":[{"structValue":{"fields":{"type":{"stringValue":"text","kind":"stringValue"},"value":{"stringValue":"<p1> Welcome to <b> DeukSpine Institute </b> !! </p1>","kind":"stringValue"}}},"kind":"structValue"},{"structValue":{"fields":{"type":{"stringValue":"text","kind":"stringValue"},"value":{"stringValue":"<p> I’m Deuk Spine Virtual Assistant your Virtual Guide for DeukSpine Institute Services.</p>","kind":"stringValue"}}},"kind":"structValue"},{"structValue":{"fields":{"type":{"stringValue":"text","kind":"stringValue"},"value":{"stringValue":"<p> How can I assist you today?</p>","kind":"stringValue"}}},"kind":"structValue"}]},"kind":"listValue"}}},"message":"payload"},{"responseType":"ENTRY_PROMPT","channel":"","payload":{"fields":{"data":{"listValue":{"values":[{"structValue":{"fields":{"type":{"stringValue":"text","kind":"stringValue"},"value":{"stringValue":"<p> Are you wanting to learn about your <b><i> Spine Condition </i></b>, or you have any  <b><i> Administrative Questions  </i></b> that I can answer for you? </p>","kind":"stringValue"}}},"kind":"structValue"}]},"kind":"listValue"}}},"message":"payload"}]
